<?xml version="1.0" encoding="UTF-8"?>
<testng-results skipped="0" failed="0" ignored="0" total="1" passed="1">
  <reporter-output>
  </reporter-output>
  <suite name="Suite" duration-ms="52484" started-at="2020-08-30T20:30:51 IST" finished-at="2020-08-30T20:31:43 IST">
    <groups>
    </groups>
    <test name="Tests" duration-ms="52484" started-at="2020-08-30T20:30:51 IST" finished-at="2020-08-30T20:31:43 IST">
      <class name="tests.loginTest">
        <test-method status="PASS" signature="beforeSuite()[pri:0, instance:tests.loginTest@17579e0f]" name="beforeSuite" is-config="true" duration-ms="14" started-at="2020-08-30T20:30:51 IST" finished-at="2020-08-30T20:30:51 IST">
          <reporter-output>
          </reporter-output>
        </test-method> <!-- beforeSuite -->
        <test-method status="PASS" signature="beforeClass()[pri:0, instance:tests.loginTest@17579e0f]" name="beforeClass" is-config="true" duration-ms="1" started-at="2020-08-30T20:30:51 IST" finished-at="2020-08-30T20:30:51 IST">
          <reporter-output>
          </reporter-output>
        </test-method> <!-- beforeClass -->
        <test-method status="PASS" signature="beforeMethodClass()[pri:0, instance:tests.loginTest@17579e0f]" name="beforeMethodClass" is-config="true" duration-ms="1" started-at="2020-08-30T20:30:52 IST" finished-at="2020-08-30T20:30:52 IST">
          <reporter-output>
          </reporter-output>
        </test-method> <!-- beforeMethodClass -->
        <test-method status="PASS" signature="loadPage(java.lang.String, java.lang.String, java.lang.String, java.lang.String, java.lang.String)[pri:0, instance:tests.loginTest@17579e0f]" name="loadPage" duration-ms="51652" started-at="2020-08-30T20:30:52 IST" data-provider="ReadExcel" finished-at="2020-08-30T20:31:43 IST">
          <params>
            <param index="0">
              <value>
                <![CDATA[IE]]>
              </value>
            </param>
            <param index="1">
              <value>
                <![CDATA[9544897073]]>
              </value>
            </param>
            <param index="2">
              <value>
                <![CDATA[MTIzYW50b255]]>
              </value>
            </param>
            <param index="3">
              <value>
                <![CDATA[0]]>
              </value>
            </param>
            <param index="4">
              <value>
                <![CDATA[2500]]>
              </value>
            </param>
          </params>
          <reporter-output>
          </reporter-output>
        </test-method> <!-- loadPage -->
        <test-method status="PASS" signature="close()[pri:0, instance:tests.loginTest@17579e0f]" name="close" is-config="true" duration-ms="0" started-at="2020-08-30T20:31:43 IST" finished-at="2020-08-30T20:31:43 IST">
          <reporter-output>
          </reporter-output>
        </test-method> <!-- close -->
        <test-method status="PASS" signature="afterClass()[pri:0, instance:tests.loginTest@17579e0f]" name="afterClass" is-config="true" duration-ms="2" started-at="2020-08-30T20:31:43 IST" finished-at="2020-08-30T20:31:43 IST">
          <reporter-output>
          </reporter-output>
        </test-method> <!-- afterClass -->
        <test-method status="PASS" signature="afterSuite()[pri:0, instance:tests.loginTest@17579e0f]" name="afterSuite" is-config="true" duration-ms="751" started-at="2020-08-30T20:31:43 IST" finished-at="2020-08-30T20:31:44 IST">
          <reporter-output>
          </reporter-output>
        </test-method> <!-- afterSuite -->
      </class> <!-- tests.loginTest -->
    </test> <!-- Tests -->
  </suite> <!-- Suite -->
</testng-results>
